  Button.cpp
  ChangeMaxRandButton.cpp
  CheckBox.cpp
  Click.cpp
  ConfirmButton.cpp
  Consts.cpp
  Controll.cpp
  DeleteSansyoButton.cpp
  Draw.cpp
  DuplicateCheck.cpp
  EndButton.cpp
  Error.cpp
  Exit.cpp
  FPS.cpp
  InfoButton.cpp
  Init.cpp
  InitAppearButton.cpp
  Keyboard.cpp
  ListOfButtons.cpp
  ListOfCheckBoxes.cpp
  コンパイル中...
  ListOfSubWindow.cpp
  ListOfTexts.cpp
  SaveFile.cpp
  main.cpp
  NameData.cpp
  NameDataWindow.cpp
  NextRandButton.cpp
  OpenFile.cpp
  PinWindow.cpp
  ProcessButton.cpp
  Random.cpp
  SansyoButton.cpp
  Scenes.cpp
  SetAlarmButton.cpp
  SetAlarmDataWindow.cpp
  SetRandWindow.cpp
  ShowNextCheck.cpp
  StopProcessButton.cpp
  SubWindow.cpp
  ReadFile.cpp
  コンパイル中...
  Time.cpp
  UTF-8.cpp
  コード生成しています。
  645 of 660 functions (97.7%) were compiled, the rest were copied from previous compilation.
    26 functions were new in current compilation
    2 functions had inline decision re-evaluated but remain unchanged
  コード生成が終了しました。
  Randomizer.vcxproj -> D:\game2022_Matsumoto\DXLib\Randomizer20230410\Randomizer\Release\Randomizer.exe
